[31m{"level":"error","message":"gokul","timestamp":"2024-12-28 15:46:02"}[39m
[31m{"level":"error","message":"gokul","timestamp":"2024-12-28 20:23:42"}[39m
[31m{"level":"error","message":"gokul","timestamp":"2024-12-28 20:26:42"}[39m
[31m{"level":"error","message":"gokul","timestamp":"2024-12-29 12:01:28"}[39m
[31m{"level":"error","message":"Path \"$.auction\" is not in schema, strict mode is `true`, and upsert is `true`.","timestamp":"2025-01-01 20:05:49"}[39m
[31m{"level":"error","message":"Path \"$.auction\" is not in schema, strict mode is `true`, and upsert is `true`.","timestamp":"2025-01-01 20:16:56"}[39m
[31m{"level":"error","message":"The positional operator did not find the match needed from the query.","timestamp":"2025-01-01 22:25:43"}[39m
[31m{"level":"error","message":"The positional operator did not find the match needed from the query.","timestamp":"2025-01-01 22:25:49"}[39m
[31m{"level":"error","message":"Plan executor error during findAndModify :: caused by :: The path 'committedBids' must exist in the document in order to apply array updates.","timestamp":"2025-01-01 22:29:43"}[39m
[31m{"level":"error","message":"Your socket connection to the server was not read from or written to within the timeout period. Idle connections will be closed.","timestamp":"2025-01-01 22:53:57"}[39m
[31m{"level":"error","message":"Your socket connection to the server was not read from or written to within the timeout period. Idle connections will be closed.","timestamp":"2025-01-01 22:58:40"}[39m
[31m{"level":"error","message":"Your socket connection to the server was not read from or written to within the timeout period. Idle connections will be closed.","timestamp":"2025-01-01 23:06:42"}[39m
[31m{"level":"error","message":"Your socket connection to the server was not read from or written to within the timeout period. Idle connections will be closed.","timestamp":"2025-01-01 23:08:34"}[39m
[31m{"level":"error","message":"Your socket connection to the server was not read from or written to within the timeout period. Idle connections will be closed.","timestamp":"2025-01-01 23:09:18"}[39m
[31m{"level":"error","message":"Your socket connection to the server was not read from or written to within the timeout period. Idle connections will be closed.","timestamp":"2025-01-01 23:12:53"}[39m
[31m{"level":"error","message":"Your socket connection to the server was not read from or written to within the timeout period. Idle connections will be closed.","timestamp":"2025-01-01 23:14:56"}[39m
[31m{"level":"error","message":"Your socket connection to the server was not read from or written to within the timeout period. Idle connections will be closed.","timestamp":"2025-01-01 23:16:59"}[39m
[31m{"level":"error","message":"Plan executor error during findAndModify :: caused by :: Cannot create field 'auction' in element {committedBids: [ { auction: ObjectId('67758176dcfcbea6cca6f178'), bidAmt: 120, bideDate: new Date(1735753881941), _id: ObjectId('677585b3dcfcbea6cca6f2c4') } ]}","timestamp":"2025-01-01 23:45:56"}[39m
[31m{"level":"error","message":"Plan executor error during findAndModify :: caused by :: Cannot create field 'auction' in element {committedBids: [ { auction: ObjectId('67758176dcfcbea6cca6f178'), bidAmt: 120, bideDate: new Date(1735753881941), _id: ObjectId('677585b3dcfcbea6cca6f2c4') } ]}","timestamp":"2025-01-01 23:48:04"}[39m
[31m{"level":"error","message":"Cannot read properties of undefined (reading 'findIndex')","timestamp":"2025-01-02 01:48:19"}[39m
[31m{"level":"error","message":"Cannot read properties of undefined (reading 'findIndex')","timestamp":"2025-01-02 01:49:58"}[39m
[31m{"level":"error","message":"Cannot read properties of undefined (reading 'findIndex')","timestamp":"2025-01-02 01:50:58"}[39m
[31m{"level":"error","message":"Failed to process refund","timestamp":"2025-01-02 11:17:41"}[39m
[31m{"level":"error","message":"Failed to process refund","timestamp":"2025-01-02 11:20:10"}[39m
[31m{"level":"error","message":"Failed to process refund","timestamp":"2025-01-02 11:22:12"}[39m
[31m{"level":"error","message":"Cannot set properties of undefined (setting 'userId')","timestamp":"2025-01-14 09:46:41"}[39m
[31m{"level":"error","message":"Cannot set properties of undefined (setting 'userId')","timestamp":"2025-01-14 09:47:13"}[39m
[31m{"level":"error","message":"Cannot set properties of undefined (setting 'userId')","timestamp":"2025-01-14 09:48:41"}[39m
[31m{"level":"error","message":"Cannot set properties of undefined (setting 'userId')","timestamp":"2025-01-14 09:49:50"}[39m
[31m{"level":"error","message":"Cannot set properties of undefined (setting 'userId')","timestamp":"2025-01-14 09:52:36"}[39m
[31m{"level":"error","message":"Cannot set properties of undefined (setting 'userId')","timestamp":"2025-01-19 19:58:22"}[39m
[31m{"level":"error","message":"Cannot set properties of undefined (setting 'userId')","timestamp":"2025-01-20 09:35:53"}[39m
[31m{"level":"error","message":"Cannot set properties of undefined (setting 'userId')","timestamp":"2025-01-20 09:39:04"}[39m
[31m{"level":"error","message":"Cannot set properties of undefined (setting 'userId')","timestamp":"2025-01-20 09:40:22"}[39m
[31m{"level":"error","message":"Cannot set properties of undefined (setting 'userId')","timestamp":"2025-01-20 09:42:54"}[39m
[31m{"level":"error","message":"Cannot set headers after they are sent to the client","timestamp":"2025-01-20 09:49:53"}[39m
[31m{"level":"error","message":"Cannot set headers after they are sent to the client","timestamp":"2025-01-20 09:49:53"}[39m
[31m{"level":"error","message":"Cannot set headers after they are sent to the client","timestamp":"2025-01-20 09:49:54"}[39m
[31m{"level":"error","message":"Cannot set headers after they are sent to the client","timestamp":"2025-01-20 09:49:54"}[39m
[31m{"level":"error","message":"Cannot set headers after they are sent to the client","timestamp":"2025-01-20 09:49:56"}[39m
[31m{"level":"error","message":"Cannot set headers after they are sent to the client","timestamp":"2025-01-20 09:49:56"}[39m
[31m{"level":"error","message":"alert is not defined","timestamp":"2025-01-21 12:40:23"}[39m
[31m{"level":"error","message":"Message validation failed: user: Path `user` is required.","timestamp":"2025-01-22 10:53:47"}[39m
[31m{"level":"error","message":"Already exist","timestamp":"2025-01-22 10:54:06"}[39m
[31m{"level":"error","message":"(0 , logger_utils_1.default) is not a function","timestamp":"2025-01-22 19:04:30"}[39m
[31m{"level":"error","message":"(0 , logger_utils_1.default) is not a function","timestamp":"2025-01-22 19:08:44"}[39m
[31m{"level":"error","message":"(0 , logger_utils_1.default) is not a function","timestamp":"2025-01-22 19:10:03"}[39m
[31m{"level":"error","message":"Cast to ObjectId failed for value \"Admin\" (type string) at path \"_id\" for model \"User\"","timestamp":"2025-01-23 01:42:16"}[39m
[31m{"level":"error","message":"An error has occurred. Please try again later.","timestamp":"2025-01-23 01:42:16"}[39m
[31m{"level":"error","message":"Cast to ObjectId failed for value \"Admin\" (type string) at path \"_id\" for model \"User\"","timestamp":"2025-01-23 01:42:17"}[39m
[31m{"level":"error","message":"An error has occurred. Please try again later.","timestamp":"2025-01-23 01:42:17"}[39m
[31m{"level":"error","message":"Cast to ObjectId failed for value \"Admin\" (type string) at path \"_id\" for model \"User\"","timestamp":"2025-01-23 01:42:19"}[39m
[31m{"level":"error","message":"An error has occurred. Please try again later.","timestamp":"2025-01-23 01:42:19"}[39m
[31m{"level":"error","message":"Cast to ObjectId failed for value \"Admin\" (type string) at path \"_id\" for model \"User\"","timestamp":"2025-01-23 01:42:20"}[39m
[31m{"level":"error","message":"An error has occurred. Please try again later.","timestamp":"2025-01-23 01:42:20"}[39m
[31m{"level":"error","message":"Cast to ObjectId failed for value \"Admin\" (type string) at path \"_id\" for model \"User\"","timestamp":"2025-01-23 01:42:22"}[39m
[31m{"level":"error","message":"An error has occurred. Please try again later.","timestamp":"2025-01-23 01:42:22"}[39m
[31m{"level":"error","message":"Cast to ObjectId failed for value \"Admin\" (type string) at path \"_id\" for model \"User\"","timestamp":"2025-01-23 01:42:34"}[39m
[31m{"level":"error","message":"An error has occurred. Please try again later.","timestamp":"2025-01-23 01:42:34"}[39m
[31m{"level":"error","message":"Cast to ObjectId failed for value \"Admin\" (type string) at path \"_id\" for model \"User\"","timestamp":"2025-01-23 01:43:01"}[39m
[31m{"level":"error","message":"An error has occurred. Please try again later.","timestamp":"2025-01-23 01:43:01"}[39m
[31m{"level":"error","message":"Cast to ObjectId failed for value \"Admin\" (type string) at path \"_id\" for model \"User\"","timestamp":"2025-01-23 01:43:02"}[39m
[31m{"level":"error","message":"An error has occurred. Please try again later.","timestamp":"2025-01-23 01:43:02"}[39m
[31m{"level":"error","message":"Cast to ObjectId failed for value \"6746cdd02b3dd192633c6ad3$\" (type string) at path \"category\" for model \"Message\"","timestamp":"2025-01-23 19:18:01"}[39m
[31m{"level":"error","message":"An error has occurred. Please try again later.","timestamp":"2025-01-23 19:18:01"}[39m
[31m{"level":"error","message":"Cast to ObjectId failed for value \"6746cdd02b3dd192633c6ad3pp\" (type string) at path \"category\" for model \"Message\"","timestamp":"2025-01-23 19:18:02"}[39m
[31m{"level":"error","message":"An error has occurred. Please try again later.","timestamp":"2025-01-23 19:18:02"}[39m
[31m{"level":"error","message":"Cast to ObjectId failed for value \"6746cdd02b3dd192633c6ad3pp\" (type string) at path \"category\" for model \"Message\"","timestamp":"2025-01-23 19:18:04"}[39m
[31m{"level":"error","message":"An error has occurred. Please try again later.","timestamp":"2025-01-23 19:18:04"}[39m
[31m{"level":"error","message":"Cast to ObjectId failed for value \"6746cdd02b3dd192633c6ad3pp\" (type string) at path \"category\" for model \"Message\"","timestamp":"2025-01-23 19:18:08"}[39m
[31m{"level":"error","message":"An error has occurred. Please try again later.","timestamp":"2025-01-23 19:18:08"}[39m
[31m{"level":"error","message":"Cast to ObjectId failed for value \"6746cdd02b3dd192633c6ad3pp\" (type string) at path \"category\" for model \"Message\"","timestamp":"2025-01-23 19:18:19"}[39m
[31m{"level":"error","message":"An error has occurred. Please try again later.","timestamp":"2025-01-23 19:18:19"}[39m
[31m{"level":"error","message":"Cast to ObjectId failed for value \"6746cdd02b3dd192633c6ad3$\" (type string) at path \"category\" for model \"Message\"","timestamp":"2025-01-23 19:18:46"}[39m
[31m{"level":"error","message":"An error has occurred. Please try again later.","timestamp":"2025-01-23 19:18:46"}[39m
